2022-12-07 14:09:10.054 [main] INFO  dd.ytonline.EduApplication - Starting EduApplication on Win10-2022VJLHM with PID 12892 (D:\Java\yteachonline\service\service_edu\target\classes started by QAQ in D:\Java\yteachonline)
2022-12-07 14:09:10.057 [main] INFO  dd.ytonline.EduApplication - The following profiles are active: dev
2022-12-07 14:09:10.851 [main] INFO  o.s.d.r.com.ytonline.serurity.config.RepositoryConfigurationDelegate - Multiple Spring Data modules found, entering strict repository configuration mode!
2022-12-07 14:09:10.852 [main] INFO  o.s.d.r.com.ytonline.serurity.config.RepositoryConfigurationDelegate - Bootstrapping Spring Data repositories in DEFAULT mode.
2022-12-07 14:09:10.871 [main] INFO  o.s.d.r.com.ytonline.serurity.config.RepositoryConfigurationDelegate - Finished Spring Data repository scanning in 9ms. Found 0 repository interfaces.
2022-12-07 14:09:11.101 [main] INFO  o.s.c.s.PostProcessorRegistrationDelegate$BeanPostProcessorChecker - Bean 'org.springframework.transaction.annotation.ProxyTransactionManagementConfiguration' of type [org.springframework.transaction.annotation.ProxyTransactionManagementConfiguration] is not eligible for getting processed by all BeanPostProcessors (for example: not eligible for auto-proxying)
2022-12-07 14:09:11.308 [main] INFO  o.s.boot.web.embedded.tomcat.TomcatWebServer - Tomcat initialized with port(s): 8001 (http)
2022-12-07 14:09:11.316 [main] INFO  org.apache.coyote.http11.Http11NioProtocol - Initializing ProtocolHandler ["http-nio-8001"]
2022-12-07 14:09:11.317 [main] INFO  org.apache.catalina.core.StandardService - Starting service [Tomcat]
2022-12-07 14:09:11.317 [main] INFO  org.apache.catalina.core.StandardEngine - Starting Servlet engine: [Apache Tomcat/9.0.27]
2022-12-07 14:09:11.401 [main] INFO  o.a.c.core.ContainerBase.[Tomcat].[localhost].[/] - Initializing Spring embedded WebApplicationContext
2022-12-07 14:09:11.402 [main] INFO  org.springframework.web.context.ContextLoader - Root WebApplicationContext: initialization completed in 1302 ms
2022-12-07 14:09:11.556 [main] INFO  com.zaxxer.hikari.HikariDataSource - HikariPool-1 - Starting...
2022-12-07 14:09:12.097 [main] INFO  com.zaxxer.hikari.HikariDataSource - HikariPool-1 - Start completed.
2022-12-07 14:09:12.458 [main] INFO  s.d.s.w.PropertySourcedRequestMappingHandlerMapping - Mapped URL path [/v2/api-docs] onto method [springfox.documentation.swagger2.web.Swagger2Controller#getDocumentation(String, HttpServletRequest)]
2022-12-07 14:09:12.550 [main] INFO  o.s.scheduling.concurrent.ThreadPoolTaskExecutor - Initializing ExecutorService 'applicationTaskExecutor'
2022-12-07 14:09:12.943 [main] INFO  s.d.s.web.plugins.DocumentationPluginsBootstrapper - Context refreshed
2022-12-07 14:09:12.971 [main] INFO  s.d.s.web.plugins.DocumentationPluginsBootstrapper - Found 1 custom documentation plugin(s)
2022-12-07 14:09:13.008 [main] INFO  s.d.spring.web.scanners.ApiListingReferenceScanner - Scanning for api listing references
2022-12-07 14:09:13.171 [main] INFO  org.apache.coyote.http11.Http11NioProtocol - Starting ProtocolHandler ["http-nio-8001"]
2022-12-07 14:09:13.191 [main] INFO  o.s.boot.web.embedded.tomcat.TomcatWebServer - Tomcat started on port(s): 8001 (http) with context path ''
2022-12-07 14:09:13.193 [main] INFO  dd.ytonline.EduApplication - Started EduApplication in 3.554 seconds (JVM running for 4.432)
2022-12-07 14:10:07.917 [main] INFO  dd.ytonline.EduApplication - Starting EduApplication on Win10-2022VJLHM with PID 15352 (D:\Java\yteachonline\service\service_edu\target\classes started by QAQ in D:\Java\yteachonline)
2022-12-07 14:10:07.919 [main] INFO  dd.ytonline.EduApplication - The following profiles are active: dev
2022-12-07 14:10:08.768 [main] INFO  o.s.d.r.com.ytonline.serurity.config.RepositoryConfigurationDelegate - Multiple Spring Data modules found, entering strict repository configuration mode!
2022-12-07 14:10:08.772 [main] INFO  o.s.d.r.com.ytonline.serurity.config.RepositoryConfigurationDelegate - Bootstrapping Spring Data repositories in DEFAULT mode.
2022-12-07 14:10:08.790 [main] INFO  o.s.d.r.com.ytonline.serurity.config.RepositoryConfigurationDelegate - Finished Spring Data repository scanning in 8ms. Found 0 repository interfaces.
2022-12-07 14:10:08.999 [main] INFO  o.s.c.s.PostProcessorRegistrationDelegate$BeanPostProcessorChecker - Bean 'org.springframework.transaction.annotation.ProxyTransactionManagementConfiguration' of type [org.springframework.transaction.annotation.ProxyTransactionManagementConfiguration] is not eligible for getting processed by all BeanPostProcessors (for example: not eligible for auto-proxying)
2022-12-07 14:10:09.187 [main] INFO  o.s.boot.web.embedded.tomcat.TomcatWebServer - Tomcat initialized with port(s): 8001 (http)
2022-12-07 14:10:09.194 [main] INFO  org.apache.coyote.http11.Http11NioProtocol - Initializing ProtocolHandler ["http-nio-8001"]
2022-12-07 14:10:09.194 [main] INFO  org.apache.catalina.core.StandardService - Starting service [Tomcat]
2022-12-07 14:10:09.195 [main] INFO  org.apache.catalina.core.StandardEngine - Starting Servlet engine: [Apache Tomcat/9.0.27]
2022-12-07 14:10:09.274 [main] INFO  o.a.c.core.ContainerBase.[Tomcat].[localhost].[/] - Initializing Spring embedded WebApplicationContext
2022-12-07 14:10:09.274 [main] INFO  org.springframework.web.context.ContextLoader - Root WebApplicationContext: initialization completed in 1317 ms
2022-12-07 14:10:09.417 [main] INFO  com.zaxxer.hikari.HikariDataSource - HikariPool-1 - Starting...
2022-12-07 14:10:09.919 [main] INFO  com.zaxxer.hikari.HikariDataSource - HikariPool-1 - Start completed.
2022-12-07 14:10:10.250 [main] INFO  s.d.s.w.PropertySourcedRequestMappingHandlerMapping - Mapped URL path [/v2/api-docs] onto method [springfox.documentation.swagger2.web.Swagger2Controller#getDocumentation(String, HttpServletRequest)]
2022-12-07 14:10:10.331 [main] INFO  o.s.scheduling.concurrent.ThreadPoolTaskExecutor - Initializing ExecutorService 'applicationTaskExecutor'
2022-12-07 14:10:10.680 [main] INFO  s.d.s.web.plugins.DocumentationPluginsBootstrapper - Context refreshed
2022-12-07 14:10:10.693 [main] INFO  s.d.s.web.plugins.DocumentationPluginsBootstrapper - Found 1 custom documentation plugin(s)
2022-12-07 14:10:10.727 [main] INFO  s.d.spring.web.scanners.ApiListingReferenceScanner - Scanning for api listing references
2022-12-07 14:10:10.871 [main] INFO  org.apache.coyote.http11.Http11NioProtocol - Starting ProtocolHandler ["http-nio-8001"]
2022-12-07 14:10:10.888 [main] INFO  o.s.boot.web.embedded.tomcat.TomcatWebServer - Tomcat started on port(s): 8001 (http) with context path ''
2022-12-07 14:10:10.891 [main] INFO  dd.ytonline.EduApplication - Started EduApplication in 3.374 seconds (JVM running for 4.233)
